<?xml version="1.0" encoding="UTF-8"?>
<testsuite name="za.co.kaylentravispillay.information.InformationRouteTest" tests="4" skipped="0" failures="0" errors="0" timestamp="2021-07-31T16:03:27" hostname="Kaylens-MacBook-Air.local" time="0.366">
  <properties/>
  <testcase name="given post information when body is formatted correctly then response with successful response" classname="za.co.kaylentravispillay.information.InformationRouteTest" time="0.351"/>
  <testcase name="given get information when id is not known then respond with error response" classname="za.co.kaylentravispillay.information.InformationRouteTest" time="0.004"/>
  <testcase name="given get information when id is known then respond with successful response" classname="za.co.kaylentravispillay.information.InformationRouteTest" time="0.004"/>
  <testcase name="given post information when body is not formatted correctly then response with error response" classname="za.co.kaylentravispillay.information.InformationRouteTest" time="0.007"/>
  <system-out><![CDATA[2021-07-31 18:03:27.796 [Test worker] INFO  ktor.test - Autoreload is disabled because the development mode is off.
2021-07-31 18:03:27.799 [Test worker] INFO  ktor.test - Application started in 0.025 seconds.
2021-07-31 18:03:28.056 [Test worker] INFO  ktor.test - Autoreload is disabled because the development mode is off.
2021-07-31 18:03:28.057 [Test worker] INFO  ktor.test - Application started in 0.001 seconds.
2021-07-31 18:03:28.060 [Test worker] INFO  ktor.test - Autoreload is disabled because the development mode is off.
2021-07-31 18:03:28.061 [Test worker] INFO  ktor.test - Application started in 0.001 seconds.
2021-07-31 18:03:28.065 [Test worker] INFO  ktor.test - Autoreload is disabled because the development mode is off.
2021-07-31 18:03:28.065 [Test worker] INFO  ktor.test - Application started in 0.001 seconds.
]]></system-out>
  <system-err><![CDATA[]]></system-err>
</testsuite>
